<?xml version="1.0" encoding="UTF-8"?>
<!-- Generated by org.testng.reporters.JUnitReportReporter -->
<testsuite hostname="LAPTOP-T2R70BHM" failures="0" tests="1" name="com.hrms.textscripts.TC001" time="5.939" errors="0" timestamp="19 Oct 2022 05:24:42 GMT">
  <testcase classname="com.hrms.textscripts.TC001" name="tc001" time="5.939"/>
</testsuite> <!-- com.hrms.textscripts.TC001 -->
